<?xml version="1.0" encoding="UTF-8"?>
<testsuite name="StringCalculatorTest" tests="1" skipped="0" failures="0" errors="0" timestamp="2020-03-30T20:24:16" hostname="admin1-ThinkCentre-M72e" time="0.006">
  <properties/>
  <testcase name="TestNumber" classname="StringCalculatorTest" time="0.006"/>
  <system-out><![CDATA[Output 1
]]></system-out>
  <system-err><![CDATA[]]></system-err>
</testsuite>
